{
  "RSpec": {
    "coverage": {
      "/home/alessandro/Documentos/workspace/bexs/app/controllers/answers_controller.rb": {
        "lines": [
          null,
          null,
          1,
          1,
          3,
          3,
          null,
          1,
          null,
          null,
          1,
          1,
          1,
          1,
          1,
          null,
          null,
          1,
          null,
          1,
          3,
          null,
          null
        ]
      },
      "/home/alessandro/Documentos/workspace/bexs/app/controllers/application_controller.rb": {
        "lines": [
          null,
          null,
          1,
          1,
          null,
          1,
          1,
          null,
          null,
          1,
          1,
          null,
          null,
          1,
          4,
          null,
          null
        ]
      },
      "/home/alessandro/Documentos/workspace/bexs/app/controllers/questions_controller.rb": {
        "lines": [
          null,
          null,
          1,
          1,
          2,
          null,
          null,
          1,
          3,
          null,
          null,
          1,
          3,
          3,
          null,
          1,
          null,
          null,
          1,
          null,
          1,
          3,
          null,
          null
        ]
      },
      "/home/alessandro/Documentos/workspace/bexs/app/models/answer.rb": {
        "lines": [
          null,
          null,
          1,
          1,
          1,
          null,
          1,
          1,
          null,
          null
        ]
      },
      "/home/alessandro/Documentos/workspace/bexs/app/models/application_record.rb": {
        "lines": [
          null,
          null,
          1,
          1,
          null
        ]
      },
      "/home/alessandro/Documentos/workspace/bexs/app/models/question.rb": {
        "lines": [
          null,
          null,
          1,
          1,
          1,
          null,
          1,
          5,
          5,
          5,
          null,
          null,
          1,
          5,
          null,
          null
        ]
      }
    },
    "timestamp": 1588089715
  }
}
